<?xml version="1.0" encoding="UTF-8"?>
<!-- Generated by org.testng.reporters.JUnitXMLReporter -->
<testsuite hostname="ATMECSINLT-085" ignored="0" name="Test" tests="2" failures="1" timestamp="2019-09-05T20:52:27 IST" time="1.041" errors="0">
  <testcase name="flightticket" time="0.014" classname="org.atmecs.utils.flight_ticket.AppTest">
    <failure type="java.lang.NullPointerException">
      <![CDATA[java.lang.NullPointerException
at org.atmecs.utils.flight_ticket.AppTest.flightticket(AppTest.java:45)
at java.util.ArrayList.forEach(Unknown Source)
... Removed 27 stack frames]]>
    </failure>
  </testcase> <!-- flightticket -->
  <testcase name="testApp" time="0.011" classname="org.atmecs.utils.flight_ticket.AppTest"/>
</testsuite> <!-- Test -->
