<?xml version="1.0" encoding="UTF-8"?>
<!-- Generated by org.testng.reporters.JUnitXMLReporter -->
<testsuite hostname="ATMECSINLT-085" ignored="0" name="Default test" tests="3" failures="0" timestamp="2019-09-05T19:31:41 IST" time="34.712" errors="0">
  <testcase name="flightticket" time="24.533" classname="org.atmecs.utils.roundtrip.AppTest"/>
  <testcase name="testApp" time="0.003" classname="org.atmecs.utils.roundtrip.AppTest"/>
  <testcase name="price" time="9.148" classname="org.atmecs.utils.roundtrip.Pricechoosen"/>
</testsuite> <!-- Default test -->
