<?xml version="1.0" encoding="UTF-8"?>
<!-- Generated by org.testng.reporters.JUnitXMLReporter -->
<testsuite hostname="ATMECSINLT-085" ignored="2" name="Test" tests="9" failures="6" timestamp="2019-09-05T16:47:07 IST" time="1.286" errors="0">
  <testcase name="flightticket" time="0.01" classname="org.atmecs.utils.roundtrip.AppTest">
    <failure type="java.lang.NullPointerException">
      <![CDATA[java.lang.NullPointerException
at org.atmecs.utils.roundtrip.AppTest.flightticket(AppTest.java:47)
at java.util.ArrayList.forEach(Unknown Source)
... Removed 27 stack frames]]>
    </failure>
  </testcase> <!-- flightticket -->
  <testcase name="testApp" time="0.006" classname="org.atmecs.utils.roundtrip.AppTest"/>
  <testcase name="flightticket" time="0.003" classname="org.atmecs.utils.roundtrip.AppTest">
    <failure type="java.lang.NullPointerException">
      <![CDATA[java.lang.NullPointerException
at org.atmecs.utils.roundtrip.AppTest.flightticket(AppTest.java:47)
at java.util.ArrayList.forEach(Unknown Source)
... Removed 27 stack frames]]>
    </failure>
  </testcase> <!-- flightticket -->
  <testcase name="testApp" time="0.012" classname="org.atmecs.utils.roundtrip.AppTest"/>
  <testcase name="price" time="0.023" classname="org.atmecs.utils.roundtrip.Pricechoosen">
    <failure type="java.lang.NullPointerException">
      <![CDATA[java.lang.NullPointerException
at java.util.Objects.requireNonNull(Unknown Source)
at org.openqa.selenium.support.ui.FluentWait.<init>(FluentWait.java:106)
at org.openqa.selenium.support.ui.WebDriverWait.<init>(WebDriverWait.java:85)
at org.openqa.selenium.support.ui.WebDriverWait.<init>(WebDriverWait.java:45)
at org.atmecs.utils.helper.Help.clickcss(Help.java:62)
at org.atmecs.utils.roundtrip.Pricechoosen.price(Pricechoosen.java:30)
at java.util.ArrayList.forEach(Unknown Source)
... Removed 27 stack frames]]>
    </failure>
  </testcase> <!-- price -->
  <testcase name="flightticket" time="0.016" classname="org.atmecs.utils.roundtrip.AppTest">
    <failure type="java.lang.NullPointerException">
      <![CDATA[java.lang.NullPointerException
at org.atmecs.utils.roundtrip.AppTest.flightticket(AppTest.java:47)
at java.util.ArrayList.forEach(Unknown Source)
... Removed 27 stack frames]]>
    </failure>
  </testcase> <!-- flightticket -->
  <testcase name="testApp" time="0.009" classname="org.atmecs.utils.roundtrip.AppTest"/>
  <testcase name="price" time="0.004" classname="org.atmecs.utils.roundtrip.Pricechoosen">
    <failure type="java.lang.NullPointerException">
      <![CDATA[java.lang.NullPointerException
at java.util.Objects.requireNonNull(Unknown Source)
at org.openqa.selenium.support.ui.FluentWait.<init>(FluentWait.java:106)
at org.openqa.selenium.support.ui.WebDriverWait.<init>(WebDriverWait.java:85)
at org.openqa.selenium.support.ui.WebDriverWait.<init>(WebDriverWait.java:45)
at org.atmecs.utils.helper.Help.clickcss(Help.java:62)
at org.atmecs.utils.roundtrip.Pricechoosen.price(Pricechoosen.java:30)
at java.util.ArrayList.forEach(Unknown Source)
... Removed 27 stack frames]]>
    </failure>
  </testcase> <!-- price -->
  <testcase name="edit" time="0.003" classname="org.atmecs.utils.roundtrip.Edit">
    <failure type="java.lang.NullPointerException">
      <![CDATA[java.lang.NullPointerException
at java.util.Objects.requireNonNull(Unknown Source)
at org.openqa.selenium.support.ui.FluentWait.<init>(FluentWait.java:106)
at org.openqa.selenium.support.ui.WebDriverWait.<init>(WebDriverWait.java:85)
at org.openqa.selenium.support.ui.WebDriverWait.<init>(WebDriverWait.java:45)
at org.atmecs.utils.roundtrip.Edit.edit(Edit.java:25)
at java.util.ArrayList.forEach(Unknown Source)
... Removed 27 stack frames]]>
    </failure>
  </testcase> <!-- edit -->
  <testcase name="@BeforeSuite setup" time="0.0" classname="org.atmecs.utils.testbase.Presetup">
    <ignored/>
  </testcase> <!-- @BeforeSuite setup -->
  <testcase name="@BeforeSuite setup" time="0.0" classname="org.atmecs.utils.testbase.Presetup">
    <ignored/>
  </testcase> <!-- @BeforeSuite setup -->
</testsuite> <!-- Test -->
