<?xml version="1.0" encoding="UTF-8"?>
<!-- Generated by org.testng.reporters.JUnitXMLReporter -->
<testsuite hostname="ATMECSINLT-085" ignored="2" name="Test2" tests="9" failures="5" timestamp="2019-09-05T16:47:32 IST" time="24.501" errors="0">
  <testcase name="flightticket" time="24.147" classname="org.atmecs.utils.flight_ticket.AppTest"/>
  <testcase name="testApp" time="0.002" classname="org.atmecs.utils.flight_ticket.AppTest"/>
  <testcase name="flightticket" time="0.002" classname="org.atmecs.utils.flight_ticket.AppTest">
    <failure type="java.lang.NullPointerException">
      <![CDATA[java.lang.NullPointerException
at org.atmecs.utils.flight_ticket.AppTest.flightticket(AppTest.java:45)
at java.util.ArrayList.forEach(Unknown Source)
... Removed 27 stack frames]]>
    </failure>
  </testcase> <!-- flightticket -->
  <testcase name="testApp" time="0.003" classname="org.atmecs.utils.flight_ticket.AppTest"/>
  <testcase name="price" time="0.002" classname="org.atmecs.utils.flight_ticket.Pricechoosen">
    <failure type="java.lang.NullPointerException">
      <![CDATA[java.lang.NullPointerException
at java.util.Objects.requireNonNull(Unknown Source)
at org.openqa.selenium.support.ui.FluentWait.<init>(FluentWait.java:106)
at org.openqa.selenium.support.ui.WebDriverWait.<init>(WebDriverWait.java:85)
at org.openqa.selenium.support.ui.WebDriverWait.<init>(WebDriverWait.java:45)
at org.atmecs.utils.helper.Help.click(Help.java:15)
at org.atmecs.utils.flight_ticket.Pricechoosen.price(Pricechoosen.java:23)
at java.util.ArrayList.forEach(Unknown Source)
... Removed 27 stack frames]]>
    </failure>
  </testcase> <!-- price -->
  <testcase name="flightticket" time="0.003" classname="org.atmecs.utils.flight_ticket.AppTest">
    <failure type="java.lang.NullPointerException">
      <![CDATA[java.lang.NullPointerException
at org.atmecs.utils.flight_ticket.AppTest.flightticket(AppTest.java:45)
at java.util.ArrayList.forEach(Unknown Source)
... Removed 27 stack frames]]>
    </failure>
  </testcase> <!-- flightticket -->
  <testcase name="testApp" time="0.002" classname="org.atmecs.utils.flight_ticket.AppTest"/>
  <testcase name="price" time="0.002" classname="org.atmecs.utils.flight_ticket.Pricechoosen">
    <failure type="java.lang.NullPointerException">
      <![CDATA[java.lang.NullPointerException
at java.util.Objects.requireNonNull(Unknown Source)
at org.openqa.selenium.support.ui.FluentWait.<init>(FluentWait.java:106)
at org.openqa.selenium.support.ui.WebDriverWait.<init>(WebDriverWait.java:85)
at org.openqa.selenium.support.ui.WebDriverWait.<init>(WebDriverWait.java:45)
at org.atmecs.utils.helper.Help.click(Help.java:15)
at org.atmecs.utils.flight_ticket.Pricechoosen.price(Pricechoosen.java:23)
at java.util.ArrayList.forEach(Unknown Source)
... Removed 27 stack frames]]>
    </failure>
  </testcase> <!-- price -->
  <testcase name="edit" time="0.002" classname="org.atmecs.utils.flight_ticket.Edit">
    <failure type="java.lang.NullPointerException">
      <![CDATA[java.lang.NullPointerException
at java.util.Objects.requireNonNull(Unknown Source)
at org.openqa.selenium.support.ui.FluentWait.<init>(FluentWait.java:106)
at org.openqa.selenium.support.ui.WebDriverWait.<init>(WebDriverWait.java:85)
at org.openqa.selenium.support.ui.WebDriverWait.<init>(WebDriverWait.java:45)
at org.atmecs.utils.flight_ticket.Edit.edit(Edit.java:25)
at java.util.ArrayList.forEach(Unknown Source)
... Removed 27 stack frames]]>
    </failure>
  </testcase> <!-- edit -->
  <testcase name="@BeforeSuite setup" time="0.0" classname="org.atmecs.utils.testbase.Presetup">
    <ignored/>
  </testcase> <!-- @BeforeSuite setup -->
  <testcase name="@BeforeSuite setup" time="0.0" classname="org.atmecs.utils.testbase.Presetup">
    <ignored/>
  </testcase> <!-- @BeforeSuite setup -->
</testsuite> <!-- Test2 -->
