<?xml version="1.0" encoding="UTF-8"?>
<!-- Generated by org.testng.reporters.JUnitXMLReporter -->
<testsuite hostname="ATMECSINLT-085" ignored="0" name="Test" tests="2" failures="1" timestamp="2019-09-05T20:01:15 IST" time="1.18" errors="0">
  <testcase name="flightticket" time="0.019" classname="org.atmecs.utils.roundtrip.AppTest">
    <failure type="java.lang.NullPointerException">
      <![CDATA[java.lang.NullPointerException
at org.atmecs.utils.roundtrip.AppTest.flightticket(AppTest.java:47)
at java.util.ArrayList.forEach(Unknown Source)
... Removed 27 stack frames]]>
    </failure>
  </testcase> <!-- flightticket -->
  <testcase name="testApp" time="0.01" classname="org.atmecs.utils.roundtrip.AppTest"/>
</testsuite> <!-- Test -->
