<?xml version="1.0" encoding="UTF-8"?>
<!-- Generated by org.testng.reporters.JUnitXMLReporter -->
<testsuite hostname="ATMECSINLT-085" ignored="0" name="Test1" tests="3" failures="2" timestamp="2019-09-05T20:01:15 IST" time="0.137" errors="0">
  <testcase name="flightticket" time="0.004" classname="org.atmecs.utils.roundtrip.AppTest">
    <failure type="java.lang.NullPointerException">
      <![CDATA[java.lang.NullPointerException
at org.atmecs.utils.roundtrip.AppTest.flightticket(AppTest.java:47)
at java.util.ArrayList.forEach(Unknown Source)
... Removed 27 stack frames]]>
    </failure>
  </testcase> <!-- flightticket -->
  <testcase name="testApp" time="0.003" classname="org.atmecs.utils.roundtrip.AppTest"/>
  <testcase name="price" time="0.003" classname="org.atmecs.utils.roundtrip.Pricechoosen">
    <failure type="java.lang.NullPointerException">
      <![CDATA[java.lang.NullPointerException
at org.atmecs.utils.roundtrip.Pricechoosen.price(Pricechoosen.java:31)
at java.util.ArrayList.forEach(Unknown Source)
... Removed 27 stack frames]]>
    </failure>
  </testcase> <!-- price -->
</testsuite> <!-- Test1 -->
